secret_messenger/app/build/intermediates/manifest_merge_blame_file/debug/manifest-merger-blame-debug-report.txt
1<?xml version="1.0" encoding="utf-8"?>
2<manifest xmlns:android="http://schemas.android.com/apk/res/android"
3    package="edu.project.secret_messenger"
4    android:versionCode="1"
5    android:versionName="1.0" >
6
7    <uses-sdk
8        android:minSdkVersion="24"
8-->src\main\AndroidManifest.xml
9        android:targetSdkVersion="29" />
9-->src\main\AndroidManifest.xml
10
11    <!-- Although the *SdkVersion is captured in gradle build files, this is required for non gradle builds -->
12    <!-- <uses-sdk android:minSdkVersion="14"/> -->
13    <uses-permission android:name="android.permission.ACCESS_NETWORK_STATE" />
13-->[com.google.firebase:firebase-database:19.3.0] AndroidManifest.xml:25:5-79
13-->[com.google.firebase:firebase-database:19.3.0] AndroidManifest.xml:25:22-76
14    <uses-permission android:name="android.permission.INTERNET" />
14-->[com.google.firebase:firebase-database:19.3.0] AndroidManifest.xml:26:5-67
14-->[com.google.firebase:firebase-database:19.3.0] AndroidManifest.xml:26:22-64
15    <uses-permission android:name="android.permission.WAKE_LOCK" /> <!-- Required by older versions of Google Play services to create IID tokens -->
15-->[com.google.android.gms:play-services-measurement-api:17.2.2] AndroidManifest.xml:24:5-68
15-->[com.google.android.gms:play-services-measurement-api:17.2.2] AndroidManifest.xml:24:22-65
16    <uses-permission android:name="com.google.android.c2dm.permission.RECEIVE" />
16-->[com.google.firebase:firebase-iid:20.0.2] AndroidManifest.xml:26:5-82
16-->[com.google.firebase:firebase-iid:20.0.2] AndroidManifest.xml:26:22-79
17    <uses-permission android:name="com.google.android.finsky.permission.BIND_GET_INSTALL_REFERRER_SERVICE" />
17-->[com.google.android.gms:play-services-measurement:17.2.2] AndroidManifest.xml:26:5-110
17-->[com.google.android.gms:play-services-measurement:17.2.2] AndroidManifest.xml:26:22-107
18
19    <application
19-->src\main\AndroidManifest.xml:5:5-22:19
20        android:allowBackup="true"
20-->src\main\AndroidManifest.xml:6:9-35
21        android:appComponentFactory="androidx.core.app.CoreComponentFactory"
21-->[androidx.core:core:1.1.0] AndroidManifest.xml:24:18-86
22        android:debuggable="true"
23        android:extractNativeLibs="false"
24        android:icon="@mipmap/ic_launcher"
24-->src\main\AndroidManifest.xml:7:9-43
25        android:label="@string/app_name"
25-->src\main\AndroidManifest.xml:8:9-41
26        android:roundIcon="@mipmap/ic_launcher_round"
26-->src\main\AndroidManifest.xml:9:9-54
27        android:supportsRtl="true"
27-->src\main\AndroidManifest.xml:10:9-35
28        android:testOnly="true"
29        android:theme="@style/AppTheme" >
29-->src\main\AndroidManifest.xml:11:9-40
30        <activity android:name="edu.project.secret_messenger.LoginActivity" >
30-->src\main\AndroidManifest.xml:13:9-19:20
30-->src\main\AndroidManifest.xml:13:19-48
31            <intent-filter>
31-->src\main\AndroidManifest.xml:14:13-18:29
32                <action android:name="android.intent.action.MAIN" />
32-->src\main\AndroidManifest.xml:15:17-69
32-->src\main\AndroidManifest.xml:15:25-66
33
34                <category android:name="android.intent.category.LAUNCHER" />
34-->src\main\AndroidManifest.xml:17:17-77
34-->src\main\AndroidManifest.xml:17:27-74
35            </intent-filter>
36        </activity>
37        <activity android:name="edu.project.secret_messenger.signupActivity" />
37-->src\main\AndroidManifest.xml:20:9-51
37-->src\main\AndroidManifest.xml:20:19-49
38        <activity android:name="edu.project.secret_messenger.LobbyActivity" />
38-->src\main\AndroidManifest.xml:21:9-50
38-->src\main\AndroidManifest.xml:21:19-48
39
40        <service
40-->[com.google.firebase:firebase-database:19.3.0] AndroidManifest.xml:29:9-35:19
41            android:name="com.google.firebase.components.ComponentDiscoveryService"
41-->[com.google.firebase:firebase-database:19.3.0] AndroidManifest.xml:30:13-84
42            android:directBootAware="true"
42-->[com.google.firebase:firebase-common:19.3.0] AndroidManifest.xml:34:13-43
43            android:exported="false" >
43-->[com.google.firebase:firebase-database:19.3.0] AndroidManifest.xml:31:13-37
44            <meta-data
44-->[com.google.firebase:firebase-database:19.3.0] AndroidManifest.xml:32:13-34:85
45                android:name="com.google.firebase.components:com.google.firebase.database.DatabaseRegistrar"
45-->[com.google.firebase:firebase-database:19.3.0] AndroidManifest.xml:33:17-109
46                android:value="com.google.firebase.components.ComponentRegistrar" />
46-->[com.google.firebase:firebase-database:19.3.0] AndroidManifest.xml:34:17-82
47            <meta-data
47-->[com.google.android.gms:play-services-measurement-api:17.2.2] AndroidManifest.xml:30:13-32:85
48                android:name="com.google.firebase.components:com.google.firebase.analytics.connector.internal.AnalyticsConnectorRegistrar"
48-->[com.google.android.gms:play-services-measurement-api:17.2.2] AndroidManifest.xml:31:17-139
49                android:value="com.google.firebase.components.ComponentRegistrar" />
49-->[com.google.android.gms:play-services-measurement-api:17.2.2] AndroidManifest.xml:32:17-82
50            <meta-data
50-->[com.google.firebase:firebase-iid:20.0.2] AndroidManifest.xml:32:13-34:85
51                android:name="com.google.firebase.components:com.google.firebase.iid.Registrar"
51-->[com.google.firebase:firebase-iid:20.0.2] AndroidManifest.xml:33:17-96
52                android:value="com.google.firebase.components.ComponentRegistrar" />
52-->[com.google.firebase:firebase-iid:20.0.2] AndroidManifest.xml:34:17-82
53        </service>
54
55        <receiver
55-->[com.google.firebase:firebase-iid:20.0.2] AndroidManifest.xml:37:9-44:20
56            android:name="com.google.firebase.iid.FirebaseInstanceIdReceiver"
56-->[com.google.firebase:firebase-iid:20.0.2] AndroidManifest.xml:38:13-78
57            android:exported="true"
57-->[com.google.firebase:firebase-iid:20.0.2] AndroidManifest.xml:39:13-36
58            android:permission="com.google.android.c2dm.permission.SEND" >
58-->[com.google.firebase:firebase-iid:20.0.2] AndroidManifest.xml:40:13-73
59            <intent-filter>
59-->[com.google.firebase:firebase-iid:20.0.2] AndroidManifest.xml:41:13-43:29
60                <action android:name="com.google.android.c2dm.intent.RECEIVE" />
60-->[com.google.firebase:firebase-iid:20.0.2] AndroidManifest.xml:42:17-81
60-->[com.google.firebase:firebase-iid:20.0.2] AndroidManifest.xml:42:25-78
61            </intent-filter>
62        </receiver>
63
64        <activity
64-->[com.google.android.gms:play-services-base:17.0.0] AndroidManifest.xml:23:9-26:75
65            android:name="com.google.android.gms.common.api.GoogleApiActivity"
65-->[com.google.android.gms:play-services-base:17.0.0] AndroidManifest.xml:24:13-79
66            android:exported="false"
66-->[com.google.android.gms:play-services-base:17.0.0] AndroidManifest.xml:25:13-37
67            android:theme="@android:style/Theme.Translucent.NoTitleBar" />
67-->[com.google.android.gms:play-services-base:17.0.0] AndroidManifest.xml:26:13-72
68
69        <receiver
69-->[com.google.android.gms:play-services-measurement:17.2.2] AndroidManifest.xml:29:9-33:20
70            android:name="com.google.android.gms.measurement.AppMeasurementReceiver"
70-->[com.google.android.gms:play-services-measurement:17.2.2] AndroidManifest.xml:30:13-85
71            android:enabled="true"
71-->[com.google.android.gms:play-services-measurement:17.2.2] AndroidManifest.xml:31:13-35
72            android:exported="false" >
72-->[com.google.android.gms:play-services-measurement:17.2.2] AndroidManifest.xml:32:13-37
73        </receiver>
74        <receiver
74-->[com.google.android.gms:play-services-measurement:17.2.2] AndroidManifest.xml:34:9-42:20
75            android:name="com.google.android.gms.measurement.AppMeasurementInstallReferrerReceiver"
75-->[com.google.android.gms:play-services-measurement:17.2.2] AndroidManifest.xml:35:13-100
76            android:enabled="true"
76-->[com.google.android.gms:play-services-measurement:17.2.2] AndroidManifest.xml:36:13-35
77            android:exported="true"
77-->[com.google.android.gms:play-services-measurement:17.2.2] AndroidManifest.xml:37:13-36
78            android:permission="android.permission.INSTALL_PACKAGES" >
78-->[com.google.android.gms:play-services-measurement:17.2.2] AndroidManifest.xml:38:13-69
79            <intent-filter>
79-->[com.google.android.gms:play-services-measurement:17.2.2] AndroidManifest.xml:39:13-41:29
80                <action android:name="com.android.vending.INSTALL_REFERRER" />
80-->[com.google.android.gms:play-services-measurement:17.2.2] AndroidManifest.xml:40:17-79
80-->[com.google.android.gms:play-services-measurement:17.2.2] AndroidManifest.xml:40:25-76
81            </intent-filter>
82        </receiver>
83
84        <service
84-->[com.google.android.gms:play-services-measurement:17.2.2] AndroidManifest.xml:44:9-47:40
85            android:name="com.google.android.gms.measurement.AppMeasurementService"
85-->[com.google.android.gms:play-services-measurement:17.2.2] AndroidManifest.xml:45:13-84
86            android:enabled="true"
86-->[com.google.android.gms:play-services-measurement:17.2.2] AndroidManifest.xml:46:13-35
87            android:exported="false" />
87-->[com.google.android.gms:play-services-measurement:17.2.2] AndroidManifest.xml:47:13-37
88        <service
88-->[com.google.android.gms:play-services-measurement:17.2.2] AndroidManifest.xml:48:9-52:72
89            android:name="com.google.android.gms.measurement.AppMeasurementJobService"
89-->[com.google.android.gms:play-services-measurement:17.2.2] AndroidManifest.xml:49:13-87
90            android:enabled="true"
90-->[com.google.android.gms:play-services-measurement:17.2.2] AndroidManifest.xml:50:13-35
91            android:exported="false"
91-->[com.google.android.gms:play-services-measurement:17.2.2] AndroidManifest.xml:51:13-37
92            android:permission="android.permission.BIND_JOB_SERVICE" />
92-->[com.google.android.gms:play-services-measurement:17.2.2] AndroidManifest.xml:52:13-69
93
94        <provider
94-->[com.google.firebase:firebase-common:19.3.0] AndroidManifest.xml:26:9-30:39
95            android:name="com.google.firebase.provider.FirebaseInitProvider"
95-->[com.google.firebase:firebase-common:19.3.0] AndroidManifest.xml:27:13-77
96            android:authorities="edu.project.secret_messenger.firebaseinitprovider"
96-->[com.google.firebase:firebase-common:19.3.0] AndroidManifest.xml:28:13-72
97            android:exported="false"
97-->[com.google.firebase:firebase-common:19.3.0] AndroidManifest.xml:29:13-37
98            android:initOrder="100" />
98-->[com.google.firebase:firebase-common:19.3.0] AndroidManifest.xml:30:13-36
99
100        <meta-data
100-->[com.google.android.gms:play-services-basement:17.0.0] AndroidManifest.xml:23:9-25:69
101            android:name="com.google.android.gms.version"
101-->[com.google.android.gms:play-services-basement:17.0.0] AndroidManifest.xml:24:13-58
102            android:value="@integer/google_play_services_version" />
102-->[com.google.android.gms:play-services-basement:17.0.0] AndroidManifest.xml:25:13-66
103    </application>
104
105</manifest>